2025-06-08 02:29:54 - Setup wizard started
2025-06-08 02:30:07 - Progress saved: Step 1/12
2025-06-08 02:30:28 - Setup wizard started
2025-06-08 02:30:28 - Progress loaded: Step 1/12
2025-06-08 02:30:33 - Resuming setup from step 1
2025-06-08 02:30:34 - Progress saved: Step 1/12
2025-06-08 02:30:48 - Setup wizard started
2025-06-08 02:30:48 - Progress loaded: Step 1/12
2025-06-08 02:30:52 - Resuming setup from step 1
2025-06-08 02:30:59 - Progress saved: Step 1/12
2025-06-08 02:34:07 - Setup wizard started
2025-06-08 02:34:07 - Progress loaded: Step 1/12
2025-06-08 02:34:13 - Resuming setup from step 1
2025-06-08 02:34:18 - Progress saved: Step 1/12
2025-06-08 02:37:03 - Setup wizard started
2025-06-08 02:37:03 - Progress loaded: Step 1/12
2025-06-08 02:37:05 - Resuming setup from step 1
2025-06-08 02:37:08 - Progress saved: Step 1/12
2025-06-08 02:37:15 - Progress saved: Step 2/12
2025-06-08 02:37:51 - Progress saved: Step 3/12
2025-06-08 02:38:00 - Progress saved: Step 4/12
2025-06-08 02:38:34 - Progress saved: Step 5/12
2025-06-08 08:59:12 - Setup wizard started
2025-06-08 08:59:16 - Progress saved: Step 1/12
2025-06-08 08:59:24 - Progress saved: Step 2/12
2025-06-08 08:59:38 - Progress saved: Step 3/12
2025-06-08 08:59:59 - Progress saved: Step 4/12
2025-06-08 09:00:46 - Setup wizard started
2025-06-08 09:00:46 - Progress loaded: Step 4/12
2025-06-08 09:00:52 - Resuming setup from step 4
2025-06-08 09:01:49 - Progress saved: Step 4/12
2025-06-08 09:04:44 - Setup wizard started
2025-06-08 09:04:44 - Progress loaded: Step 4/12
2025-06-08 09:04:47 - Starting fresh setup
2025-06-08 09:04:48 - Progress saved: Step 1/12
2025-06-08 09:05:03 - Setup wizard started
2025-06-08 09:05:03 - Progress loaded: Step 1/12
2025-06-08 09:05:06 - Resuming setup from step 1
2025-06-08 09:05:07 - Progress saved: Step 1/12
2025-06-08 09:05:10 - Progress saved: Step 2/12
2025-06-08 09:05:26 - Progress saved: Step 3/12
